src/preparation/BP_fv.csv contains 181 vectors for 107 (=CID+106) features.
src/preparation/BP_value.csv contains 230 target values.
n range = [5,30]
a range = [31.5,470.0]
#instances = 181
#features = 106

D1: train 144, test 37
training time: 3.187196731567383
R2 score train = 0.9935319077425955
R2 score test = 0.7855694851759929
R2 score all = 0.9599908495442584
MAE score train = 3.8570127089010384
MAE score test = 19.756408746147212
MAE score all = 7.10716548999556

D2: train 145, test 36
training time: 5.0139079093933105
R2 score train = 0.9930416804444452
R2 score test = 0.6390572625074291
R2 score all = 0.9339056805642507
MAE score train = 3.7281172621746888
MAE score test = 27.996544836634186
MAE score all = 8.554986834995363

D3: train 145, test 36
training time: 4.264358758926392
R2 score train = 0.9961346879653636
R2 score test = 0.8566979846124056
R2 score all = 0.9637772344809027
MAE score train = 2.870368503215682
MAE score test = 22.925217956024927
MAE score all = 6.8591783391335435

D4: train 145, test 36
training time: 2.9935202598571777
R2 score train = 0.9909067339023991
R2 score test = 0.8390994594153819
R2 score all = 0.9669036994338265
MAE score train = 4.470398694611737
MAE score test = 18.691072072382227
MAE score all = 7.298819918919681

D5: train 145, test 36
training time: 4.9648661613464355
R2 score train = 0.9946933391220482
R2 score test = 0.8479544758088942
R2 score all = 0.9574271159388575
MAE score train = 3.352287445970431
MAE score test = 21.80973582058148
MAE score all = 7.023382150312958
0.9935319077425955 0.7855694851759929 0.9599908495442584 3.187196731567383
0.9930416804444452 0.6390572625074291 0.9339056805642507 5.0139079093933105
0.9961346879653636 0.8566979846124056 0.9637772344809027 4.264358758926392
0.9909067339023991 0.8390994594153819 0.9669036994338265 2.9935202598571777
0.9946933391220482 0.8479544758088942 0.9574271159388575 4.9648661613464355
Average time = 4.08476996421814
Average R2 test score = 0.7936757335040208
Average MAE test score = 22.235795886354005
