src/preparation/KOW_fv.csv contains 444 vectors for 133 (=CID+132) features.
src/preparation/KOW_value.csv contains 630 target values.
n range = [5,58]
a range = [-7.53,13.45]
#instances = 444
#features = 132

D1: train 355, test 89
training time: 1.1411919593811035
R2 score train = 0.98012821239358
R2 score test = 0.831709808429356
R2 score all = 0.9612243341216251
MAE score train = 0.29457267246650365
MAE score test = 0.6496441202777056
MAE score all = 0.36574690412235267

D2: train 355, test 89
training time: 0.7766647338867188
R2 score train = 0.9712027316705549
R2 score test = 0.9610993671236463
R2 score all = 0.9689592304510517
MAE score train = 0.3495337312150482
MAE score test = 0.4398540163165087
MAE score all = 0.3676384730484491

D3: train 355, test 89
training time: 0.9660000801086426
R2 score train = 0.9783814391709449
R2 score test = 0.9542521475990225
R2 score all = 0.9724726662168582
MAE score train = 0.29024907908651737
MAE score test = 0.4621078588536309
MAE score all = 0.3246982489047

D4: train 355, test 89
training time: 0.9901828765869141
R2 score train = 0.9774736103199895
R2 score test = 0.9604515942335068
R2 score all = 0.9742019530300302
MAE score train = 0.3189921700995383
MAE score test = 0.4346787753278232
MAE score all = 0.3421816022286314

D5: train 356, test 88
training time: 0.9102399349212646
R2 score train = 0.9800616767085614
R2 score test = 0.9439595753550054
R2 score all = 0.9728113729298302
MAE score train = 0.2995509784198021
MAE score test = 0.517869660909163
MAE score all = 0.3428213479221979
0.98012821239358 0.831709808429356 0.9612243341216251 1.1411919593811035
0.9712027316705549 0.9610993671236463 0.9689592304510517 0.7766647338867188
0.9783814391709449 0.9542521475990225 0.9724726662168582 0.9660000801086426
0.9774736103199895 0.9604515942335068 0.9742019530300302 0.9901828765869141
0.9800616767085614 0.9439595753550054 0.9728113729298302 0.9102399349212646
Average time = 0.9568559169769287
Average R2 test score = 0.9302944985481074
Average MAE test score = 0.5008308863369663
