src/preparation/HC_fv.csv contains 105 vectors for 86 (=CID+85) features.
src/preparation/HC_value.csv contains 123 target values.
n range = [5,29]
a range = [302.9,20145.1]
#instances = 105
#features = 85

D1: train 84, test 21
training time: 7.9016077518463135
R2 score train = 0.9987752446853569
R2 score test = 0.04553785678246147
R2 score all = 0.7748368724844014
MAE score train = 43.50269629292829
MAE score test = 1801.4750467358556
MAE score all = 395.0971663815137

D2: train 84, test 21
training time: 3.326390027999878
R2 score train = 0.9129129017999007
R2 score test = -0.2589535514146666
R2 score all = 0.4425844422426266
MAE score train = 246.32574130542156
MAE score test = 1445.949759541963
MAE score all = 486.25054495272974

D3: train 84, test 21
training time: 7.879761219024658
R2 score train = 0.9997129555325615
R2 score test = -2.572928805963576
R2 score all = 0.40660404846451337
MAE score train = 21.36583263487546
MAE score test = 2190.27108376491
MAE score all = 455.1468828608824

D4: train 84, test 21
training time: 5.442536115646362
R2 score train = 0.562676480011842
R2 score test = -0.5498077492370184
R2 score all = 0.48613261917245065
MAE score train = 700.5088044219485
MAE score test = 1366.4898590266641
MAE score all = 833.7050153428916

D5: train 84, test 21
training time: 8.451618909835815
R2 score train = 0.9233178652950068
R2 score test = -30.99597028420927
R2 score all = -0.21415388360728227
MAE score train = 451.8378586779598
MAE score test = 3939.1178224900636
MAE score all = 1149.2938514403804
0.9987752446853569 0.04553785678246147 0.7748368724844014 7.9016077518463135
0.9129129017999007 -0.2589535514146666 0.4425844422426266 3.326390027999878
0.9997129555325615 -2.572928805963576 0.40660404846451337 7.879761219024658
0.562676480011842 -0.5498077492370184 0.48613261917245065 5.442536115646362
0.9233178652950068 -30.99597028420927 -0.21415388360728227 8.451618909835815
Average time = 6.6003828048706055
Average R2 test score = -6.866424506808414
Average MAE test score = 2148.6607143118913
