src/preparation/MP_fv.csv contains 259 vectors for 116 (=CID+115) features.
src/preparation/MP_value.csv contains 352 target values.
n range = [4,122]
a range = [-142.5,300.0]
#instances = 259
#features = 115

D1: train 207, test 52
training time: 0.8115026950836182
R2 score train = 0.8270280461809678
R2 score test = 0.7630758190168672
R2 score all = 0.8136320951537346
MAE score train = 28.92882876525526
MAE score test = 31.922670679135535
MAE score all = 29.52990899506906

D2: train 207, test 52
training time: 0.9401290416717529
R2 score train = 0.858813398847361
R2 score test = 0.799344393519958
R2 score all = 0.8480337195079132
MAE score train = 25.91500743799046
MAE score test = 29.42616731285598
MAE score all = 26.619950733330253

D3: train 207, test 52
training time: 1.1699931621551514
R2 score train = 0.8723556185844927
R2 score test = 0.6634394425773711
R2 score all = 0.8291820116421771
MAE score train = 25.937073041266128
MAE score test = 41.88150205513278
MAE score all = 29.138271144436263

D4: train 207, test 52
training time: 1.046015977859497
R2 score train = 0.84508170463927
R2 score test = 0.7870126942580915
R2 score all = 0.8340345864503013
MAE score train = 26.315940543627697
MAE score test = 30.967020046592307
MAE score all = 27.249748011404378

D5: train 208, test 51
training time: 1.020151138305664
R2 score train = 0.864592974999637
R2 score test = 0.741394160335711
R2 score all = 0.8391379245823485
MAE score train = 23.623913543640374
MAE score test = 33.79568748680195
MAE score all = 25.62684972549844
0.8270280461809678 0.7630758190168672 0.8136320951537346 0.8115026950836182
0.858813398847361 0.799344393519958 0.8480337195079132 0.9401290416717529
0.8723556185844927 0.6634394425773711 0.8291820116421771 1.1699931621551514
0.84508170463927 0.7870126942580915 0.8340345864503013 1.046015977859497
0.864592974999637 0.741394160335711 0.8391379245823485 1.020151138305664
Average time = 0.9975584030151368
Average R2 test score = 0.7508533019415998
Average MAE test score = 33.59860951610371
